Performing C++ SOURCE FILE Test CMAKE_HAVE_LIBC_PTHREAD failed with the following output:
Change Dir: /home/xuanliang/CPS-CAA/SBH-DAG/CMakeFiles/CMakeTmp

Run Build Command(s):/usr/bin/make cmTC_84ffc/fast && /usr/bin/make -f CMakeFiles/cmTC_84ffc.dir/build.make CMakeFiles/cmTC_84ffc.dir/build
make[1]: Entering directory '/home/xuanliang/CPS-CAA/SBH-DAG/CMakeFiles/CMakeTmp'
Building CXX object CMakeFiles/cmTC_84ffc.dir/src.cxx.o
/usr/bin/c++    -DCMAKE_HAVE_LIBC_PTHREAD   -o CMakeFiles/cmTC_84ffc.dir/src.cxx.o -c /home/xuanliang/CPS-CAA/SBH-DAG/CMakeFiles/CMakeTmp/src.cxx
Linking CXX executable cmTC_84ffc
/usr/bin/cmake -E cmake_link_script CMakeFiles/cmTC_84ffc.dir/link.txt --verbose=1
/usr/bin/c++   -DCMAKE_HAVE_LIBC_PTHREAD    CMakeFiles/cmTC_84ffc.dir/src.cxx.o  -o cmTC_84ffc 
/usr/bin/ld: CMakeFiles/cmTC_84ffc.dir/src.cxx.o: in function `main':
src.cxx:(.text+0x46): undefined reference to `pthread_create'
/usr/bin/ld: src.cxx:(.text+0x52): undefined reference to `pthread_detach'
/usr/bin/ld: src.cxx:(.text+0x63): undefined reference to `pthread_join'
collect2: error: ld returned 1 exit status
make[1]: *** [CMakeFiles/cmTC_84ffc.dir/build.make:87: cmTC_84ffc] Error 1
make[1]: Leaving directory '/home/xuanliang/CPS-CAA/SBH-DAG/CMakeFiles/CMakeTmp'
make: *** [Makefile:121: cmTC_84ffc/fast] Error 2


Source file was:
#include <pthread.h>

void* test_func(void* data)
{
  return data;
}

int main(void)
{
  pthread_t thread;
  pthread_create(&thread, NULL, test_func, NULL);
  pthread_detach(thread);
  pthread_join(thread, NULL);
  pthread_atfork(NULL, NULL, NULL);
  pthread_exit(NULL);

  return 0;
}

Determining if the function pthread_create exists in the pthreads failed with the following output:
Change Dir: /home/xuanliang/CPS-CAA/SBH-DAG/CMakeFiles/CMakeTmp

Run Build Command(s):/usr/bin/make cmTC_5563f/fast && /usr/bin/make -f CMakeFiles/cmTC_5563f.dir/build.make CMakeFiles/cmTC_5563f.dir/build
make[1]: Entering directory '/home/xuanliang/CPS-CAA/SBH-DAG/CMakeFiles/CMakeTmp'
Building CXX object CMakeFiles/cmTC_5563f.dir/CheckFunctionExists.cxx.o
/usr/bin/c++    -DCHECK_FUNCTION_EXISTS=pthread_create   -o CMakeFiles/cmTC_5563f.dir/CheckFunctionExists.cxx.o -c /home/xuanliang/CPS-CAA/SBH-DAG/CMakeFiles/CheckLibraryExists/CheckFunctionExists.cxx
Linking CXX executable cmTC_5563f
/usr/bin/cmake -E cmake_link_script CMakeFiles/cmTC_5563f.dir/link.txt --verbose=1
/usr/bin/c++   -DCHECK_FUNCTION_EXISTS=pthread_create    CMakeFiles/cmTC_5563f.dir/CheckFunctionExists.cxx.o  -o cmTC_5563f  -lpthreads 
/usr/bin/ld: cannot find -lpthreads
collect2: error: ld returned 1 exit status
make[1]: *** [CMakeFiles/cmTC_5563f.dir/build.make:87: cmTC_5563f] Error 1
make[1]: Leaving directory '/home/xuanliang/CPS-CAA/SBH-DAG/CMakeFiles/CMakeTmp'
make: *** [Makefile:121: cmTC_5563f/fast] Error 2



Performing C++ SOURCE FILE Test CMAKE_HAVE_LIBC_PTHREAD failed with the following output:
Change Dir: /home/xuanliang/Fall2021/CPS-CAA/SBH-DAG/CMakeFiles/CMakeTmp

Run Build Command(s):/usr/bin/make cmTC_ea974/fast && /usr/bin/make -f CMakeFiles/cmTC_ea974.dir/build.make CMakeFiles/cmTC_ea974.dir/build
make[1]: Entering directory '/home/xuanliang/Fall2021/CPS-CAA/SBH-DAG/CMakeFiles/CMakeTmp'
Building CXX object CMakeFiles/cmTC_ea974.dir/src.cxx.o
/usr/bin/c++    -DCMAKE_HAVE_LIBC_PTHREAD   -o CMakeFiles/cmTC_ea974.dir/src.cxx.o -c /home/xuanliang/Fall2021/CPS-CAA/SBH-DAG/CMakeFiles/CMakeTmp/src.cxx
Linking CXX executable cmTC_ea974
/usr/bin/cmake -E cmake_link_script CMakeFiles/cmTC_ea974.dir/link.txt --verbose=1
/usr/bin/c++   -DCMAKE_HAVE_LIBC_PTHREAD    CMakeFiles/cmTC_ea974.dir/src.cxx.o  -o cmTC_ea974 
/usr/bin/ld: CMakeFiles/cmTC_ea974.dir/src.cxx.o: in function `main':
src.cxx:(.text+0x46): undefined reference to `pthread_create'
/usr/bin/ld: src.cxx:(.text+0x52): undefined reference to `pthread_detach'
/usr/bin/ld: src.cxx:(.text+0x63): undefined reference to `pthread_join'
collect2: error: ld returned 1 exit status
make[1]: *** [CMakeFiles/cmTC_ea974.dir/build.make:87: cmTC_ea974] Error 1
make[1]: Leaving directory '/home/xuanliang/Fall2021/CPS-CAA/SBH-DAG/CMakeFiles/CMakeTmp'
make: *** [Makefile:121: cmTC_ea974/fast] Error 2


Source file was:
#include <pthread.h>

void* test_func(void* data)
{
  return data;
}

int main(void)
{
  pthread_t thread;
  pthread_create(&thread, NULL, test_func, NULL);
  pthread_detach(thread);
  pthread_join(thread, NULL);
  pthread_atfork(NULL, NULL, NULL);
  pthread_exit(NULL);

  return 0;
}

Determining if the function pthread_create exists in the pthreads failed with the following output:
Change Dir: /home/xuanliang/Fall2021/CPS-CAA/SBH-DAG/CMakeFiles/CMakeTmp

Run Build Command(s):/usr/bin/make cmTC_23bd8/fast && /usr/bin/make -f CMakeFiles/cmTC_23bd8.dir/build.make CMakeFiles/cmTC_23bd8.dir/build
make[1]: Entering directory '/home/xuanliang/Fall2021/CPS-CAA/SBH-DAG/CMakeFiles/CMakeTmp'
Building CXX object CMakeFiles/cmTC_23bd8.dir/CheckFunctionExists.cxx.o
/usr/bin/c++    -DCHECK_FUNCTION_EXISTS=pthread_create   -o CMakeFiles/cmTC_23bd8.dir/CheckFunctionExists.cxx.o -c /home/xuanliang/Fall2021/CPS-CAA/SBH-DAG/CMakeFiles/CheckLibraryExists/CheckFunctionExists.cxx
Linking CXX executable cmTC_23bd8
/usr/bin/cmake -E cmake_link_script CMakeFiles/cmTC_23bd8.dir/link.txt --verbose=1
/usr/bin/c++   -DCHECK_FUNCTION_EXISTS=pthread_create    CMakeFiles/cmTC_23bd8.dir/CheckFunctionExists.cxx.o  -o cmTC_23bd8  -lpthreads 
/usr/bin/ld: cannot find -lpthreads
collect2: error: ld returned 1 exit status
make[1]: *** [CMakeFiles/cmTC_23bd8.dir/build.make:87: cmTC_23bd8] Error 1
make[1]: Leaving directory '/home/xuanliang/Fall2021/CPS-CAA/SBH-DAG/CMakeFiles/CMakeTmp'
make: *** [Makefile:121: cmTC_23bd8/fast] Error 2



