Performing C++ SOURCE FILE Test CMAKE_HAVE_LIBC_PTHREAD failed with the following output:
Change Dir: /home/xuanliang/CPS-CAA/SBH-DAG/common/CMakeFiles/CMakeTmp

Run Build Command(s):/usr/bin/make cmTC_4c1f4/fast && /usr/bin/make -f CMakeFiles/cmTC_4c1f4.dir/build.make CMakeFiles/cmTC_4c1f4.dir/build
make[1]: Entering directory '/home/xuanliang/CPS-CAA/SBH-DAG/common/CMakeFiles/CMakeTmp'
Building CXX object CMakeFiles/cmTC_4c1f4.dir/src.cxx.o
/usr/bin/c++    -DCMAKE_HAVE_LIBC_PTHREAD   -o CMakeFiles/cmTC_4c1f4.dir/src.cxx.o -c /home/xuanliang/CPS-CAA/SBH-DAG/common/CMakeFiles/CMakeTmp/src.cxx
Linking CXX executable cmTC_4c1f4
/usr/bin/cmake -E cmake_link_script CMakeFiles/cmTC_4c1f4.dir/link.txt --verbose=1
/usr/bin/c++   -DCMAKE_HAVE_LIBC_PTHREAD    CMakeFiles/cmTC_4c1f4.dir/src.cxx.o  -o cmTC_4c1f4 
/usr/bin/ld: CMakeFiles/cmTC_4c1f4.dir/src.cxx.o: in function `main':
src.cxx:(.text+0x46): undefined reference to `pthread_create'
/usr/bin/ld: src.cxx:(.text+0x52): undefined reference to `pthread_detach'
/usr/bin/ld: src.cxx:(.text+0x63): undefined reference to `pthread_join'
collect2: error: ld returned 1 exit status
make[1]: *** [CMakeFiles/cmTC_4c1f4.dir/build.make:87: cmTC_4c1f4] Error 1
make[1]: Leaving directory '/home/xuanliang/CPS-CAA/SBH-DAG/common/CMakeFiles/CMakeTmp'
make: *** [Makefile:121: cmTC_4c1f4/fast] Error 2


Source file was:
#include <pthread.h>

void* test_func(void* data)
{
  return data;
}

int main(void)
{
  pthread_t thread;
  pthread_create(&thread, NULL, test_func, NULL);
  pthread_detach(thread);
  pthread_join(thread, NULL);
  pthread_atfork(NULL, NULL, NULL);
  pthread_exit(NULL);

  return 0;
}

Determining if the function pthread_create exists in the pthreads failed with the following output:
Change Dir: /home/xuanliang/CPS-CAA/SBH-DAG/common/CMakeFiles/CMakeTmp

Run Build Command(s):/usr/bin/make cmTC_4d5d4/fast && /usr/bin/make -f CMakeFiles/cmTC_4d5d4.dir/build.make CMakeFiles/cmTC_4d5d4.dir/build
make[1]: Entering directory '/home/xuanliang/CPS-CAA/SBH-DAG/common/CMakeFiles/CMakeTmp'
Building CXX object CMakeFiles/cmTC_4d5d4.dir/CheckFunctionExists.cxx.o
/usr/bin/c++    -DCHECK_FUNCTION_EXISTS=pthread_create   -o CMakeFiles/cmTC_4d5d4.dir/CheckFunctionExists.cxx.o -c /home/xuanliang/CPS-CAA/SBH-DAG/common/CMakeFiles/CheckLibraryExists/CheckFunctionExists.cxx
Linking CXX executable cmTC_4d5d4
/usr/bin/cmake -E cmake_link_script CMakeFiles/cmTC_4d5d4.dir/link.txt --verbose=1
/usr/bin/c++   -DCHECK_FUNCTION_EXISTS=pthread_create    CMakeFiles/cmTC_4d5d4.dir/CheckFunctionExists.cxx.o  -o cmTC_4d5d4  -lpthreads 
/usr/bin/ld: cannot find -lpthreads
collect2: error: ld returned 1 exit status
make[1]: *** [CMakeFiles/cmTC_4d5d4.dir/build.make:87: cmTC_4d5d4] Error 1
make[1]: Leaving directory '/home/xuanliang/CPS-CAA/SBH-DAG/common/CMakeFiles/CMakeTmp'
make: *** [Makefile:121: cmTC_4d5d4/fast] Error 2



Performing C++ SOURCE FILE Test CMAKE_HAVE_LIBC_PTHREAD failed with the following output:
Change Dir: /home/xuanliang/Fall2021/CPS-CAA/SBH-DAG/common/CMakeFiles/CMakeTmp

Run Build Command(s):/usr/bin/make cmTC_a0ff3/fast && /usr/bin/make -f CMakeFiles/cmTC_a0ff3.dir/build.make CMakeFiles/cmTC_a0ff3.dir/build
make[1]: Entering directory '/home/xuanliang/Fall2021/CPS-CAA/SBH-DAG/common/CMakeFiles/CMakeTmp'
Building CXX object CMakeFiles/cmTC_a0ff3.dir/src.cxx.o
/usr/bin/c++    -DCMAKE_HAVE_LIBC_PTHREAD   -o CMakeFiles/cmTC_a0ff3.dir/src.cxx.o -c /home/xuanliang/Fall2021/CPS-CAA/SBH-DAG/common/CMakeFiles/CMakeTmp/src.cxx
Linking CXX executable cmTC_a0ff3
/usr/bin/cmake -E cmake_link_script CMakeFiles/cmTC_a0ff3.dir/link.txt --verbose=1
/usr/bin/c++   -DCMAKE_HAVE_LIBC_PTHREAD    CMakeFiles/cmTC_a0ff3.dir/src.cxx.o  -o cmTC_a0ff3 
/usr/bin/ld: CMakeFiles/cmTC_a0ff3.dir/src.cxx.o: in function `main':
src.cxx:(.text+0x46): undefined reference to `pthread_create'
/usr/bin/ld: src.cxx:(.text+0x52): undefined reference to `pthread_detach'
/usr/bin/ld: src.cxx:(.text+0x63): undefined reference to `pthread_join'
collect2: error: ld returned 1 exit status
make[1]: *** [CMakeFiles/cmTC_a0ff3.dir/build.make:87: cmTC_a0ff3] Error 1
make[1]: Leaving directory '/home/xuanliang/Fall2021/CPS-CAA/SBH-DAG/common/CMakeFiles/CMakeTmp'
make: *** [Makefile:121: cmTC_a0ff3/fast] Error 2


Source file was:
#include <pthread.h>

void* test_func(void* data)
{
  return data;
}

int main(void)
{
  pthread_t thread;
  pthread_create(&thread, NULL, test_func, NULL);
  pthread_detach(thread);
  pthread_join(thread, NULL);
  pthread_atfork(NULL, NULL, NULL);
  pthread_exit(NULL);

  return 0;
}

Determining if the function pthread_create exists in the pthreads failed with the following output:
Change Dir: /home/xuanliang/Fall2021/CPS-CAA/SBH-DAG/common/CMakeFiles/CMakeTmp

Run Build Command(s):/usr/bin/make cmTC_87e37/fast && /usr/bin/make -f CMakeFiles/cmTC_87e37.dir/build.make CMakeFiles/cmTC_87e37.dir/build
make[1]: Entering directory '/home/xuanliang/Fall2021/CPS-CAA/SBH-DAG/common/CMakeFiles/CMakeTmp'
Building CXX object CMakeFiles/cmTC_87e37.dir/CheckFunctionExists.cxx.o
/usr/bin/c++    -DCHECK_FUNCTION_EXISTS=pthread_create   -o CMakeFiles/cmTC_87e37.dir/CheckFunctionExists.cxx.o -c /home/xuanliang/Fall2021/CPS-CAA/SBH-DAG/common/CMakeFiles/CheckLibraryExists/CheckFunctionExists.cxx
Linking CXX executable cmTC_87e37
/usr/bin/cmake -E cmake_link_script CMakeFiles/cmTC_87e37.dir/link.txt --verbose=1
/usr/bin/c++   -DCHECK_FUNCTION_EXISTS=pthread_create    CMakeFiles/cmTC_87e37.dir/CheckFunctionExists.cxx.o  -o cmTC_87e37  -lpthreads 
/usr/bin/ld: cannot find -lpthreads
collect2: error: ld returned 1 exit status
make[1]: *** [CMakeFiles/cmTC_87e37.dir/build.make:87: cmTC_87e37] Error 1
make[1]: Leaving directory '/home/xuanliang/Fall2021/CPS-CAA/SBH-DAG/common/CMakeFiles/CMakeTmp'
make: *** [Makefile:121: cmTC_87e37/fast] Error 2



