Performing C++ SOURCE FILE Test CMAKE_HAVE_LIBC_PTHREAD failed with the following output:
Change Dir: /home/xuanliang/Fall2021/CPS-CAA/SBH-DAG/task/CMakeFiles/CMakeTmp

Run Build Command(s):/usr/bin/make cmTC_6d2be/fast && /usr/bin/make -f CMakeFiles/cmTC_6d2be.dir/build.make CMakeFiles/cmTC_6d2be.dir/build
make[1]: Entering directory '/home/xuanliang/Fall2021/CPS-CAA/SBH-DAG/task/CMakeFiles/CMakeTmp'
Building CXX object CMakeFiles/cmTC_6d2be.dir/src.cxx.o
/usr/bin/c++    -DCMAKE_HAVE_LIBC_PTHREAD   -o CMakeFiles/cmTC_6d2be.dir/src.cxx.o -c /home/xuanliang/Fall2021/CPS-CAA/SBH-DAG/task/CMakeFiles/CMakeTmp/src.cxx
Linking CXX executable cmTC_6d2be
/usr/bin/cmake -E cmake_link_script CMakeFiles/cmTC_6d2be.dir/link.txt --verbose=1
/usr/bin/c++   -DCMAKE_HAVE_LIBC_PTHREAD    CMakeFiles/cmTC_6d2be.dir/src.cxx.o  -o cmTC_6d2be 
/usr/bin/ld: CMakeFiles/cmTC_6d2be.dir/src.cxx.o: in function `main':
src.cxx:(.text+0x46): undefined reference to `pthread_create'
/usr/bin/ld: src.cxx:(.text+0x52): undefined reference to `pthread_detach'
/usr/bin/ld: src.cxx:(.text+0x63): undefined reference to `pthread_join'
collect2: error: ld returned 1 exit status
make[1]: *** [CMakeFiles/cmTC_6d2be.dir/build.make:87: cmTC_6d2be] Error 1
make[1]: Leaving directory '/home/xuanliang/Fall2021/CPS-CAA/SBH-DAG/task/CMakeFiles/CMakeTmp'
make: *** [Makefile:121: cmTC_6d2be/fast] Error 2


Source file was:
#include <pthread.h>

void* test_func(void* data)
{
  return data;
}

int main(void)
{
  pthread_t thread;
  pthread_create(&thread, NULL, test_func, NULL);
  pthread_detach(thread);
  pthread_join(thread, NULL);
  pthread_atfork(NULL, NULL, NULL);
  pthread_exit(NULL);

  return 0;
}

Determining if the function pthread_create exists in the pthreads failed with the following output:
Change Dir: /home/xuanliang/Fall2021/CPS-CAA/SBH-DAG/task/CMakeFiles/CMakeTmp

Run Build Command(s):/usr/bin/make cmTC_cc1b5/fast && /usr/bin/make -f CMakeFiles/cmTC_cc1b5.dir/build.make CMakeFiles/cmTC_cc1b5.dir/build
make[1]: Entering directory '/home/xuanliang/Fall2021/CPS-CAA/SBH-DAG/task/CMakeFiles/CMakeTmp'
Building CXX object CMakeFiles/cmTC_cc1b5.dir/CheckFunctionExists.cxx.o
/usr/bin/c++    -DCHECK_FUNCTION_EXISTS=pthread_create   -o CMakeFiles/cmTC_cc1b5.dir/CheckFunctionExists.cxx.o -c /home/xuanliang/Fall2021/CPS-CAA/SBH-DAG/task/CMakeFiles/CheckLibraryExists/CheckFunctionExists.cxx
Linking CXX executable cmTC_cc1b5
/usr/bin/cmake -E cmake_link_script CMakeFiles/cmTC_cc1b5.dir/link.txt --verbose=1
/usr/bin/c++   -DCHECK_FUNCTION_EXISTS=pthread_create    CMakeFiles/cmTC_cc1b5.dir/CheckFunctionExists.cxx.o  -o cmTC_cc1b5  -lpthreads 
/usr/bin/ld: cannot find -lpthreads
collect2: error: ld returned 1 exit status
make[1]: *** [CMakeFiles/cmTC_cc1b5.dir/build.make:87: cmTC_cc1b5] Error 1
make[1]: Leaving directory '/home/xuanliang/Fall2021/CPS-CAA/SBH-DAG/task/CMakeFiles/CMakeTmp'
make: *** [Makefile:121: cmTC_cc1b5/fast] Error 2



